#
# There is insufficient memory for the Java Runtime Environment to continue.
# Native memory allocation (malloc) failed to allocate 32744 bytes for ChunkPool::allocate
# Possible reasons:
#   The system is out of physical RAM or swap space
#   The process is running with CompressedOops enabled, and the Java Heap may be blocking the growth of the native heap
# Possible solutions:
#   Reduce memory load on the system
#   Increase physical memory or swap space
#   Check if swap backing store is full
#   Decrease Java heap size (-Xmx/-Xms)
#   Decrease number of Java threads
#   Decrease Java thread stack sizes (-Xss)
#   Set larger code cache with -XX:ReservedCodeCacheSize=
#   JVM is running with Unscaled Compressed Oops mode in which the Java heap is
#     placed in the first 4GB address space. The Java Heap base address is the
#     maximum limit for the native heap growth. Please use -XX:HeapBaseMinAddress
#     to set the Java Heap base and to place the Java Heap above 4GB virtual address.
# This output file may be truncated or incomplete.
#
#  Out of Memory Error (arena.cpp:78), pid=34468, tid=21552
#
# JRE version: OpenJDK Runtime Environment Temurin-17.0.5+8 (17.0.5+8) (build 17.0.5+8)
# Java VM: OpenJDK 64-Bit Server VM Temurin-17.0.5+8 (17.0.5+8, mixed mode, tiered, compressed oops, compressed class ptrs, g1 gc, windows-amd64)
# No core dump will be written. Minidumps are not enabled by default on client versions of Windows
#

---------------  S U M M A R Y ------------

Command Line: -Dfile.encoding=UTF-8 --module-path=C:\Users\hp\Desktop\honest-doctor-7537\masai_auction_system\bin -XX:+ShowCodeDetailsInExceptionMessages -Djdk.module.main=masai_auction_system masai_auction_system/Main.HomePage

Host: 11th Gen Intel(R) Core(TM) i5-1135G7 @ 2.40GHz, 8 cores, 7G,  Windows 11 , 64 bit Build 22621 (10.0.22621.1194)
Time: Tue Mar 14 11:53:29 2023 India Standard Time elapsed time: 0.170638 seconds (0d 0h 0m 0s)

---------------  T H R E A D  ---------------

Current thread (0x0000021d22ffa360):  JavaThread "main" [_thread_in_vm, id=21552, stack(0x000000ce0dc00000,0x000000ce0dd00000)]

Stack: [0x000000ce0dc00000,0x000000ce0dd00000]
Native frames: (J=compiled Java code, j=interpreted, Vv=VM code, C=native code)
V  [jvm.dll+0x676b3a]
V  [jvm.dll+0x831444]
V  [jvm.dll+0x832bee]
V  [jvm.dll+0x833253]
V  [jvm.dll+0x244ce5]
V  [jvm.dll+0xabdcc]
V  [jvm.dll+0xac17c]
V  [jvm.dll+0x2bf0fa]
V  [jvm.dll+0x2be6ce]
V  [jvm.dll+0x1eaf25]
V  [jvm.dll+0x1dfdea]
V  [jvm.dll+0x53be30]
V  [jvm.dll+0x7ac5a8]
V  [jvm.dll+0x7ac694]
V  [jvm.dll+0x40ba25]
V  [jvm.dll+0x411bb8]
C  [java.dll+0x17ec]

Java frames: (J=compiled Java code, j=interpreted, Vv=VM code)
j  java.lang.ClassLoader.defineClass1(Ljava/lang/ClassLoader;Ljava/lang/String;[BIILjava/security/ProtectionDomain;Ljava/lang/String;)Ljava/lang/Class;+0 java.base@17.0.5
j  java.lang.ClassLoader.defineClass(Ljava/lang/String;[BIILjava/security/ProtectionDomain;)Ljava/lang/Class;+27 java.base@17.0.5
j  java.lang.ClassLoader.defineClass(Ljava/lang/String;Ljava/nio/ByteBuffer;Ljava/security/ProtectionDomain;)Ljava/lang/Class;+38 java.base@17.0.5
j  java.security.SecureClassLoader.defineClass(Ljava/lang/String;Ljava/nio/ByteBuffer;Ljava/security/CodeSource;)Ljava/lang/Class;+8 java.base@17.0.5
j  jdk.internal.loader.BuiltinClassLoader.defineClass(Ljava/lang/String;Ljdk/internal/loader/BuiltinClassLoader$LoadedModule;)Ljava/lang/Class;+127 java.base@17.0.5
j  jdk.internal.loader.BuiltinClassLoader.findClassInModuleOrNull(Ljdk/internal/loader/BuiltinClassLoader$LoadedModule;Ljava/lang/String;)Ljava/lang/Class;+9 java.base@17.0.5
j  jdk.internal.loader.BuiltinClassLoader.findClass(Ljava/lang/String;Ljava/lang/String;)Ljava/lang/Class;+42 java.base@17.0.5
j  java.lang.ClassLoader.loadClass(Ljava/lang/Module;Ljava/lang/String;)Ljava/lang/Class;+26 java.base@17.0.5
j  java.lang.Class.forName(Ljava/lang/Module;Ljava/lang/String;)Ljava/lang/Class;+81 java.base@17.0.5
j  sun.launcher.LauncherHelper.loadModuleMainClass(Ljava/lang/String;)Ljava/lang/Class;+151 java.base@17.0.5
j  sun.launcher.LauncherHelper.checkAndLoadMain(ZILjava/lang/String;)Ljava/lang/Class;+33 java.base@17.0.5
v  ~StubRoutines::call_stub

---------------  P R O C E S S  ---------------

Threads class SMR info:
_java_thread_list=0x0000021d3da7d5b0, length=12, elements={
0x0000021d22ffa360, 0x0000021d3cdd3d90, 0x0000021d3cdd4650, 0x0000021d3cdfc870,
0x0000021d3d82e350, 0x0000021d3d82f220, 0x0000021d3d82fae0, 0x0000021d3d83dbf0,
0x0000021d3d841510, 0x0000021d3d853e00, 0x0000021d3cd6ea00, 0x0000021d3daae010
}

Java Threads: ( => current thread )
=>0x0000021d22ffa360 JavaThread "main" [_thread_in_vm, id=21552, stack(0x000000ce0dc00000,0x000000ce0dd00000)]
  0x0000021d3cdd3d90 JavaThread "Reference Handler" daemon [_thread_blocked, id=32260, stack(0x000000ce0e300000,0x000000ce0e400000)]
  0x0000021d3cdd4650 JavaThread "Finalizer" daemon [_thread_blocked, id=12920, stack(0x000000ce0e400000,0x000000ce0e500000)]
  0x0000021d3cdfc870 JavaThread "Signal Dispatcher" daemon [_thread_blocked, id=37944, stack(0x000000ce0e500000,0x000000ce0e600000)]
  0x0000021d3d82e350 JavaThread "Attach Listener" daemon [_thread_blocked, id=21772, stack(0x000000ce0e600000,0x000000ce0e700000)]
  0x0000021d3d82f220 JavaThread "Service Thread" daemon [_thread_blocked, id=14536, stack(0x000000ce0e700000,0x000000ce0e800000)]
  0x0000021d3d82fae0 JavaThread "Monitor Deflation Thread" daemon [_thread_blocked, id=9536, stack(0x000000ce0e800000,0x000000ce0e900000)]
  0x0000021d3d83dbf0 JavaThread "C2 CompilerThread0" daemon [_thread_blocked, id=37848, stack(0x000000ce0e900000,0x000000ce0ea00000)]
  0x0000021d3d841510 JavaThread "C1 CompilerThread0" daemon [_thread_blocked, id=38900, stack(0x000000ce0ea00000,0x000000ce0eb00000)]
  0x0000021d3d853e00 JavaThread "Sweeper thread" daemon [_thread_blocked, id=1528, stack(0x000000ce0eb00000,0x000000ce0ec00000)]
  0x0000021d3cd6ea00 JavaThread "Common-Cleaner" daemon [_thread_blocked, id=35428, stack(0x000000ce0ec00000,0x000000ce0ed00000)]
  0x0000021d3daae010 JavaThread "Notification Thread" daemon [_thread_blocked, id=35632, stack(0x000000ce0ed00000,0x000000ce0ee00000)]

Other Threads:
  0x0000021d3cdd0fd0 VMThread "VM Thread" [stack: 0x000000ce0e200000,0x000000ce0e300000] [id=34176]
  0x0000021d23075d60 WatcherThread [stack: 0x000000ce0ee00000,0x000000ce0ef00000] [id=39548]
  0x0000021d23057b60 GCTaskThread "GC Thread#0" [stack: 0x000000ce0dd00000,0x000000ce0de00000] [id=13284]
  0x0000021d23068ba0 ConcurrentGCThread "G1 Main Marker" [stack: 0x000000ce0de00000,0x000000ce0df00000] [id=39248]
  0x0000021d230695b0 ConcurrentGCThread "G1 Conc#0" [stack: 0x000000ce0df00000,0x000000ce0e000000] [id=27356]
  0x0000021d230be620 ConcurrentGCThread "G1 Refine#0" [stack: 0x000000ce0e000000,0x000000ce0e100000] [id=1196]
  0x0000021d3cc274f0 ConcurrentGCThread "G1 Service" [stack: 0x000000ce0e100000,0x000000ce0e200000] [id=35524]

Threads with active compile tasks:

VM state: not at safepoint (normal execution)

VM Mutex/Monitor currently owned by a thread: None

Heap address: 0x0000000084000000, size: 1984 MB, Compressed Oops mode: 32-bit

CDS archive(s) not mapped
Compressed class space mapped at: 0x0000000100000000-0x0000000140000000, reserved size: 1073741824
Narrow klass base: 0x0000000000000000, Narrow klass shift: 3, Narrow klass range: 0x140000000

GC Precious Log:
 CPUs: 8 total, 8 available
 Memory: 7932M
 Large Page Support: Disabled
 NUMA Support: Disabled
 Compressed Oops: Enabled (32-bit)
 Heap Region Size: 1M
 Heap Min Capacity: 8M
 Heap Initial Capacity: 124M
 Heap Max Capacity: 1984M
 Pre-touch: Disabled
 Parallel Workers: 8
 Concurrent Workers: 2
 Concurrent Refinement Workers: 8
 Periodic GC: Disabled

Heap:
 garbage-first heap   total 126976K, used 1024K [0x0000000084000000, 0x0000000100000000)
  region size 1024K, 2 young (2048K), 0 survivors (0K)
 Metaspace       used 6181K, committed 6336K, reserved 1056768K
  class space    used 530K, committed 576K, reserved 1048576K

Heap Regions: E=young(eden), S=young(survivor), O=old, HS=humongous(starts), HC=humongous(continues), CS=collection set, F=free, OA=open archive, CA=closed archive, TAMS=top-at-mark-start (previous, next)
|   0|0x0000000084000000, 0x0000000084000000, 0x0000000084100000|  0%| F|  |TAMS 0x0000000084000000, 0x0000000084000000| Untracked 
|   1|0x0000000084100000, 0x0000000084100000, 0x0000000084200000|  0%| F|  |TAMS 0x0000000084100000, 0x0000000084100000| Untracked 
|   2|0x0000000084200000, 0x0000000084200000, 0x0000000084300000|  0%| F|  |TAMS 0x0000000084200000, 0x0000000084200000| Untracked 
|   3|0x0000000084300000, 0x0000000084300000, 0x0000000084400000|  0%| F|  |TAMS 0x0000000084300000, 0x0000000084300000| Untracked 
|   4|0x0000000084400000, 0x0000000084400000, 0x0000000084500000|  0%| F|  |TAMS 0x0000000084400000, 0x0000000084400000| Untracked 
|   5|0x0000000084500000, 0x0000000084500000, 0x0000000084600000|  0%| F|  |TAMS 0x0000000084500000, 0x0000000084500000| Untracked 
|   6|0x0000000084600000, 0x0000000084600000, 0x0000000084700000|  0%| F|  |TAMS 0x0000000084600000, 0x0000000084600000| Untracked 
|   7|0x0000000084700000, 0x0000000084700000, 0x0000000084800000|  0%| F|  |TAMS 0x0000000084700000, 0x0000000084700000| Untracked 
|   8|0x0000000084800000, 0x0000000084800000, 0x0000000084900000|  0%| F|  |TAMS 0x0000000084800000, 0x0000000084800000| Untracked 
|   9|0x0000000084900000, 0x0000000084900000, 0x0000000084a00000|  0%| F|  |TAMS 0x0000000084900000, 0x0000000084900000| Untracked 
|  10|0x0000000084a00000, 0x0000000084a00000, 0x0000000084b00000|  0%| F|  |TAMS 0x0000000084a00000, 0x0000000084a00000| Untracked 
|  11|0x0000000084b00000, 0x0000000084b00000, 0x0000000084c00000|  0%| F|  |TAMS 0x0000000084b00000, 0x0000000084b00000| Untracked 
|  12|0x0000000084c00000, 0x0000000084c00000, 0x0000000084d00000|  0%| F|  |TAMS 0x0000000084c00000, 0x0000000084c00000| Untracked 
|  13|0x0000000084d00000, 0x0000000084d00000, 0x0000000084e00000|  0%| F|  |TAMS 0x0000000084d00000, 0x0000000084d00000| Untracked 
|  14|0x0000000084e00000, 0x0000000084e00000, 0x0000000084f00000|  0%| F|  |TAMS 0x0000000084e00000, 0x0000000084e00000| Untracked 
|  15|0x0000000084f00000, 0x0000000084f00000, 0x0000000085000000|  0%| F|  |TAMS 0x0000000084f00000, 0x0000000084f00000| Untracked 
|  16|0x0000000085000000, 0x0000000085000000, 0x0000000085100000|  0%| F|  |TAMS 0x0000000085000000, 0x0000000085000000| Untracked 
|  17|0x0000000085100000, 0x0000000085100000, 0x0000000085200000|  0%| F|  |TAMS 0x0000000085100000, 0x0000000085100000| Untracked 
|  18|0x0000000085200000, 0x0000000085200000, 0x0000000085300000|  0%| F|  |TAMS 0x0000000085200000, 0x0000000085200000| Untracked 
|  19|0x0000000085300000, 0x0000000085300000, 0x0000000085400000|  0%| F|  |TAMS 0x0000000085300000, 0x0000000085300000| Untracked 
|  20|0x0000000085400000, 0x0000000085400000, 0x0000000085500000|  0%| F|  |TAMS 0x0000000085400000, 0x0000000085400000| Untracked 
|  21|0x0000000085500000, 0x0000000085500000, 0x0000000085600000|  0%| F|  |TAMS 0x0000000085500000, 0x0000000085500000| Untracked 
|  22|0x0000000085600000, 0x0000000085600000, 0x0000000085700000|  0%| F|  |TAMS 0x0000000085600000, 0x0000000085600000| Untracked 
|  23|0x0000000085700000, 0x0000000085700000, 0x0000000085800000|  0%| F|  |TAMS 0x0000000085700000, 0x0000000085700000| Untracked 
|  24|0x0000000085800000, 0x0000000085800000, 0x0000000085900000|  0%| F|  |TAMS 0x0000000085800000, 0x0000000085800000| Untracked 
|  25|0x0000000085900000, 0x0000000085900000, 0x0000000085a00000|  0%| F|  |TAMS 0x0000000085900000, 0x0000000085900000| Untracked 
|  26|0x0000000085a00000, 0x0000000085a00000, 0x0000000085b00000|  0%| F|  |TAMS 0x0000000085a00000, 0x0000000085a00000| Untracked 
|  27|0x0000000085b00000, 0x0000000085b00000, 0x0000000085c00000|  0%| F|  |TAMS 0x0000000085b00000, 0x0000000085b00000| Untracked 
|  28|0x0000000085c00000, 0x0000000085c00000, 0x0000000085d00000|  0%| F|  |TAMS 0x0000000085c00000, 0x0000000085c00000| Untracked 
|  29|0x0000000085d00000, 0x0000000085d00000, 0x0000000085e00000|  0%| F|  |TAMS 0x0000000085d00000, 0x0000000085d00000| Untracked 
|  30|0x0000000085e00000, 0x0000000085e00000, 0x0000000085f00000|  0%| F|  |TAMS 0x0000000085e00000, 0x0000000085e00000| Untracked 
|  31|0x0000000085f00000, 0x0000000085f00000, 0x0000000086000000|  0%| F|  |TAMS 0x0000000085f00000, 0x0000000085f00000| Untracked 
|  32|0x0000000086000000, 0x0000000086000000, 0x0000000086100000|  0%| F|  |TAMS 0x0000000086000000, 0x0000000086000000| Untracked 
|  33|0x0000000086100000, 0x0000000086100000, 0x0000000086200000|  0%| F|  |TAMS 0x0000000086100000, 0x0000000086100000| Untracked 
|  34|0x0000000086200000, 0x0000000086200000, 0x0000000086300000|  0%| F|  |TAMS 0x0000000086200000, 0x0000000086200000| Untracked 
|  35|0x0000000086300000, 0x0000000086300000, 0x0000000086400000|  0%| F|  |TAMS 0x0000000086300000, 0x0000000086300000| Untracked 
|  36|0x0000000086400000, 0x0000000086400000, 0x0000000086500000|  0%| F|  |TAMS 0x0000000086400000, 0x0000000086400000| Untracked 
|  37|0x0000000086500000, 0x0000000086500000, 0x0000000086600000|  0%| F|  |TAMS 0x0000000086500000, 0x0000000086500000| Untracked 
|  38|0x0000000086600000, 0x0000000086600000, 0x0000000086700000|  0%| F|  |TAMS 0x0000000086600000, 0x0000000086600000| Untracked 
|  39|0x0000000086700000, 0x0000000086700000, 0x0000000086800000|  0%| F|  |TAMS 0x0000000086700000, 0x0000000086700000| Untracked 
|  40|0x0000000086800000, 0x0000000086800000, 0x0000000086900000|  0%| F|  |TAMS 0x0000000086800000, 0x0000000086800000| Untracked 
|  41|0x0000000086900000, 0x0000000086900000, 0x0000000086a00000|  0%| F|  |TAMS 0x0000000086900000, 0x0000000086900000| Untracked 
|  42|0x0000000086a00000, 0x0000000086a00000, 0x0000000086b00000|  0%| F|  |TAMS 0x0000000086a00000, 0x0000000086a00000| Untracked 
|  43|0x0000000086b00000, 0x0000000086b00000, 0x0000000086c00000|  0%| F|  |TAMS 0x0000000086b00000, 0x0000000086b00000| Untracked 
|  44|0x0000000086c00000, 0x0000000086c00000, 0x0000000086d00000|  0%| F|  |TAMS 0x0000000086c00000, 0x0000000086c00000| Untracked 
|  45|0x0000000086d00000, 0x0000000086d00000, 0x0000000086e00000|  0%| F|  |TAMS 0x0000000086d00000, 0x0000000086d00000| Untracked 
|  46|0x0000000086e00000, 0x0000000086e00000, 0x0000000086f00000|  0%| F|  |TAMS 0x0000000086e00000, 0x0000000086e00000| Untracked 
|  47|0x0000000086f00000, 0x0000000086f00000, 0x0000000087000000|  0%| F|  |TAMS 0x0000000086f00000, 0x0000000086f00000| Untracked 
|  48|0x0000000087000000, 0x0000000087000000, 0x0000000087100000|  0%| F|  |TAMS 0x0000000087000000, 0x0000000087000000| Untracked 
|  49|0x0000000087100000, 0x0000000087100000, 0x0000000087200000|  0%| F|  |TAMS 0x0000000087100000, 0x0000000087100000| Untracked 
|  50|0x0000000087200000, 0x0000000087200000, 0x0000000087300000|  0%| F|  |TAMS 0x0000000087200000, 0x0000000087200000| Untracked 
|  51|0x0000000087300000, 0x0000000087300000, 0x0000000087400000|  0%| F|  |TAMS 0x0000000087300000, 0x0000000087300000| Untracked 
|  52|0x0000000087400000, 0x0000000087400000, 0x0000000087500000|  0%| F|  |TAMS 0x0000000087400000, 0x0000000087400000| Untracked 
|  53|0x0000000087500000, 0x0000000087500000, 0x0000000087600000|  0%| F|  |TAMS 0x0000000087500000, 0x0000000087500000| Untracked 
|  54|0x0000000087600000, 0x0000000087600000, 0x0000000087700000|  0%| F|  |TAMS 0x0000000087600000, 0x0000000087600000| Untracked 
|  55|0x0000000087700000, 0x0000000087700000, 0x0000000087800000|  0%| F|  |TAMS 0x0000000087700000, 0x0000000087700000| Untracked 
|  56|0x0000000087800000, 0x0000000087800000, 0x0000000087900000|  0%| F|  |TAMS 0x0000000087800000, 0x0000000087800000| Untracked 
|  57|0x0000000087900000, 0x0000000087900000, 0x0000000087a00000|  0%| F|  |TAMS 0x0000000087900000, 0x0000000087900000| Untracked 
|  58|0x0000000087a00000, 0x0000000087a00000, 0x0000000087b00000|  0%| F|  |TAMS 0x0000000087a00000, 0x0000000087a00000| Untracked 
|  59|0x0000000087b00000, 0x0000000087b00000, 0x0000000087c00000|  0%| F|  |TAMS 0x0000000087b00000, 0x0000000087b00000| Untracked 
|  60|0x0000000087c00000, 0x0000000087c00000, 0x0000000087d00000|  0%| F|  |TAMS 0x0000000087c00000, 0x0000000087c00000| Untracked 
|  61|0x0000000087d00000, 0x0000000087d00000, 0x0000000087e00000|  0%| F|  |TAMS 0x0000000087d00000, 0x0000000087d00000| Untracked 
|  62|0x0000000087e00000, 0x0000000087e00000, 0x0000000087f00000|  0%| F|  |TAMS 0x0000000087e00000, 0x0000000087e00000| Untracked 
|  63|0x0000000087f00000, 0x0000000087f00000, 0x0000000088000000|  0%| F|  |TAMS 0x0000000087f00000, 0x0000000087f00000| Untracked 
|  64|0x0000000088000000, 0x0000000088000000, 0x0000000088100000|  0%| F|  |TAMS 0x0000000088000000, 0x0000000088000000| Untracked 
|  65|0x0000000088100000, 0x0000000088100000, 0x0000000088200000|  0%| F|  |TAMS 0x0000000088100000, 0x0000000088100000| Untracked 
|  66|0x0000000088200000, 0x0000000088200000, 0x0000000088300000|  0%| F|  |TAMS 0x0000000088200000, 0x0000000088200000| Untracked 
|  67|0x0000000088300000, 0x0000000088300000, 0x0000000088400000|  0%| F|  |TAMS 0x0000000088300000, 0x0000000088300000| Untracked 
|  68|0x0000000088400000, 0x0000000088400000, 0x0000000088500000|  0%| F|  |TAMS 0x0000000088400000, 0x0000000088400000| Untracked 
|  69|0x0000000088500000, 0x0000000088500000, 0x0000000088600000|  0%| F|  |TAMS 0x0000000088500000, 0x0000000088500000| Untracked 
|  70|0x0000000088600000, 0x0000000088600000, 0x0000000088700000|  0%| F|  |TAMS 0x0000000088600000, 0x0000000088600000| Untracked 
|  71|0x0000000088700000, 0x0000000088700000, 0x0000000088800000|  0%| F|  |TAMS 0x0000000088700000, 0x0000000088700000| Untracked 
|  72|0x0000000088800000, 0x0000000088800000, 0x0000000088900000|  0%| F|  |TAMS 0x0000000088800000, 0x0000000088800000| Untracked 
|  73|0x0000000088900000, 0x0000000088900000, 0x0000000088a00000|  0%| F|  |TAMS 0x0000000088900000, 0x0000000088900000| Untracked 
|  74|0x0000000088a00000, 0x0000000088a00000, 0x0000000088b00000|  0%| F|  |TAMS 0x0000000088a00000, 0x0000000088a00000| Untracked 
|  75|0x0000000088b00000, 0x0000000088b00000, 0x0000000088c00000|  0%| F|  |TAMS 0x0000000088b00000, 0x0000000088b00000| Untracked 
|  76|0x0000000088c00000, 0x0000000088c00000, 0x0000000088d00000|  0%| F|  |TAMS 0x0000000088c00000, 0x0000000088c00000| Untracked 
|  77|0x0000000088d00000, 0x0000000088d00000, 0x0000000088e00000|  0%| F|  |TAMS 0x0000000088d00000, 0x0000000088d00000| Untracked 
|  78|0x0000000088e00000, 0x0000000088e00000, 0x0000000088f00000|  0%| F|  |TAMS 0x0000000088e00000, 0x0000000088e00000| Untracked 
|  79|0x0000000088f00000, 0x0000000088f00000, 0x0000000089000000|  0%| F|  |TAMS 0x0000000088f00000, 0x0000000088f00000| Untracked 
|  80|0x0000000089000000, 0x0000000089000000, 0x0000000089100000|  0%| F|  |TAMS 0x0000000089000000, 0x0000000089000000| Untracked 
|  81|0x0000000089100000, 0x0000000089100000, 0x0000000089200000|  0%| F|  |TAMS 0x0000000089100000, 0x0000000089100000| Untracked 
|  82|0x0000000089200000, 0x0000000089200000, 0x0000000089300000|  0%| F|  |TAMS 0x0000000089200000, 0x0000000089200000| Untracked 
|  83|0x0000000089300000, 0x0000000089300000, 0x0000000089400000|  0%| F|  |TAMS 0x0000000089300000, 0x0000000089300000| Untracked 
|  84|0x0000000089400000, 0x0000000089400000, 0x0000000089500000|  0%| F|  |TAMS 0x0000000089400000, 0x0000000089400000| Untracked 
|  85|0x0000000089500000, 0x0000000089500000, 0x0000000089600000|  0%| F|  |TAMS 0x0000000089500000, 0x0000000089500000| Untracked 
|  86|0x0000000089600000, 0x0000000089600000, 0x0000000089700000|  0%| F|  |TAMS 0x0000000089600000, 0x0000000089600000| Untracked 
|  87|0x0000000089700000, 0x0000000089700000, 0x0000000089800000|  0%| F|  |TAMS 0x0000000089700000, 0x0000000089700000| Untracked 
|  88|0x0000000089800000, 0x0000000089800000, 0x0000000089900000|  0%| F|  |TAMS 0x0000000089800000, 0x0000000089800000| Untracked 
|  89|0x0000000089900000, 0x0000000089900000, 0x0000000089a00000|  0%| F|  |TAMS 0x0000000089900000, 0x0000000089900000| Untracked 
|  90|0x0000000089a00000, 0x0000000089a00000, 0x0000000089b00000|  0%| F|  |TAMS 0x0000000089a00000, 0x0000000089a00000| Untracked 
|  91|0x0000000089b00000, 0x0000000089b00000, 0x0000000089c00000|  0%| F|  |TAMS 0x0000000089b00000, 0x0000000089b00000| Untracked 
|  92|0x0000000089c00000, 0x0000000089c00000, 0x0000000089d00000|  0%| F|  |TAMS 0x0000000089c00000, 0x0000000089c00000| Untracked 
|  93|0x0000000089d00000, 0x0000000089d00000, 0x0000000089e00000|  0%| F|  |TAMS 0x0000000089d00000, 0x0000000089d00000| Untracked 
|  94|0x0000000089e00000, 0x0000000089e00000, 0x0000000089f00000|  0%| F|  |TAMS 0x0000000089e00000, 0x0000000089e00000| Untracked 
|  95|0x0000000089f00000, 0x0000000089f00000, 0x000000008a000000|  0%| F|  |TAMS 0x0000000089f00000, 0x0000000089f00000| Untracked 
|  96|0x000000008a000000, 0x000000008a000000, 0x000000008a100000|  0%| F|  |TAMS 0x000000008a000000, 0x000000008a000000| Untracked 
|  97|0x000000008a100000, 0x000000008a100000, 0x000000008a200000|  0%| F|  |TAMS 0x000000008a100000, 0x000000008a100000| Untracked 
|  98|0x000000008a200000, 0x000000008a200000, 0x000000008a300000|  0%| F|  |TAMS 0x000000008a200000, 0x000000008a200000| Untracked 
|  99|0x000000008a300000, 0x000000008a300000, 0x000000008a400000|  0%| F|  |TAMS 0x000000008a300000, 0x000000008a300000| Untracked 
| 100|0x000000008a400000, 0x000000008a400000, 0x000000008a500000|  0%| F|  |TAMS 0x000000008a400000, 0x000000008a400000| Untracked 
| 101|0x000000008a500000, 0x000000008a500000, 0x000000008a600000|  0%| F|  |TAMS 0x000000008a500000, 0x000000008a500000| Untracked 
| 102|0x000000008a600000, 0x000000008a600000, 0x000000008a700000|  0%| F|  |TAMS 0x000000008a600000, 0x000000008a600000| Untracked 
| 103|0x000000008a700000, 0x000000008a700000, 0x000000008a800000|  0%| F|  |TAMS 0x000000008a700000, 0x000000008a700000| Untracked 
| 104|0x000000008a800000, 0x000000008a800000, 0x000000008a900000|  0%| F|  |TAMS 0x000000008a800000, 0x000000008a800000| Untracked 
| 105|0x000000008a900000, 0x000000008a900000, 0x000000008aa00000|  0%| F|  |TAMS 0x000000008a900000, 0x000000008a900000| Untracked 
| 106|0x000000008aa00000, 0x000000008aa00000, 0x000000008ab00000|  0%| F|  |TAMS 0x000000008aa00000, 0x000000008aa00000| Untracked 
| 107|0x000000008ab00000, 0x000000008ab00000, 0x000000008ac00000|  0%| F|  |TAMS 0x000000008ab00000, 0x000000008ab00000| Untracked 
| 108|0x000000008ac00000, 0x000000008ac00000, 0x000000008ad00000|  0%| F|  |TAMS 0x000000008ac00000, 0x000000008ac00000| Untracked 
| 109|0x000000008ad00000, 0x000000008ad00000, 0x000000008ae00000|  0%| F|  |TAMS 0x000000008ad00000, 0x000000008ad00000| Untracked 
| 110|0x000000008ae00000, 0x000000008ae00000, 0x000000008af00000|  0%| F|  |TAMS 0x000000008ae00000, 0x000000008ae00000| Untracked 
| 111|0x000000008af00000, 0x000000008af00000, 0x000000008b000000|  0%| F|  |TAMS 0x000000008af00000, 0x000000008af00000| Untracked 
| 112|0x000000008b000000, 0x000000008b000000, 0x000000008b100000|  0%| F|  |TAMS 0x000000008b000000, 0x000000008b000000| Untracked 
| 113|0x000000008b100000, 0x000000008b100000, 0x000000008b200000|  0%| F|  |TAMS 0x000000008b100000, 0x000000008b100000| Untracked 
| 114|0x000000008b200000, 0x000000008b200000, 0x000000008b300000|  0%| F|  |TAMS 0x000000008b200000, 0x000000008b200000| Untracked 
| 115|0x000000008b300000, 0x000000008b300000, 0x000000008b400000|  0%| F|  |TAMS 0x000000008b300000, 0x000000008b300000| Untracked 
| 116|0x000000008b400000, 0x000000008b400000, 0x000000008b500000|  0%| F|  |TAMS 0x000000008b400000, 0x000000008b400000| Untracked 
| 117|0x000000008b500000, 0x000000008b500000, 0x000000008b600000|  0%| F|  |TAMS 0x000000008b500000, 0x000000008b500000| Untracked 
| 118|0x000000008b600000, 0x000000008b600000, 0x000000008b700000|  0%| F|  |TAMS 0x000000008b600000, 0x000000008b600000| Untracked 
| 119|0x000000008b700000, 0x000000008b700000, 0x000000008b800000|  0%| F|  |TAMS 0x000000008b700000, 0x000000008b700000| Untracked 
| 120|0x000000008b800000, 0x000000008b800000, 0x000000008b900000|  0%| F|  |TAMS 0x000000008b800000, 0x000000008b800000| Untracked 
| 121|0x000000008b900000, 0x000000008b900000, 0x000000008ba00000|  0%| F|  |TAMS 0x000000008b900000, 0x000000008b900000| Untracked 
| 122|0x000000008ba00000, 0x000000008baec1d8, 0x000000008bb00000| 92%| E|  |TAMS 0x000000008ba00000, 0x000000008ba00000| Complete 
| 123|0x000000008bb00000, 0x000000008bc00000, 0x000000008bc00000|100%| E|CS|TAMS 0x000000008bb00000, 0x000000008bb00000| Complete 

Card table byte_map: [0x0000021d35dc0000,0x0000021d361a0000] _byte_map_base: 0x0000021d359a0000

Marking Bits (Prev, Next): (CMBitMap*) 0x0000021d23058170, (CMBitMap*) 0x0000021d230581b0
 Prev Bits: [0x0000021d36580000, 0x0000021d38480000)
 Next Bits: [0x0000021d38480000, 0x0000021d3a380000)

Polling page: 0x0000021d227c0000

Metaspace:

Usage:
  Non-class:      5.52 MB used.
      Class:    530.72 KB used.
       Both:      6.04 MB used.

Virtual space:
  Non-class space:        8.00 MB reserved,       5.62 MB ( 70%) committed,  1 nodes.
      Class space:        1.00 GB reserved,     576.00 KB ( <1%) committed,  1 nodes.
             Both:        1.01 GB reserved,       6.19 MB ( <1%) committed. 

Chunk freelists:
   Non-Class:  2.24 MB
       Class:  3.25 MB
        Both:  5.49 MB

MaxMetaspaceSize: unlimited
CompressedClassSpaceSize: 1.00 GB
Initial GC threshold: 21.00 MB
Current GC threshold: 21.00 MB
CDS: off
MetaspaceReclaimPolicy: balanced
 - commit_granule_bytes: 65536.
 - commit_granule_words: 8192.
 - virtual_space_node_default_size: 1048576.
 - enlarge_chunks_in_place: 1.
 - new_chunks_are_fully_committed: 0.
 - uncommit_free_chunks: 1.
 - use_allocation_guard: 0.
 - handle_deallocations: 1.


Internal statistics:

num_allocs_failed_limit: 0.
num_arena_births: 10.
num_arena_deaths: 0.
num_vsnodes_births: 2.
num_vsnodes_deaths: 0.
num_space_committed: 99.
num_space_uncommitted: 0.
num_chunks_returned_to_freelist: 0.
num_chunks_taken_from_freelist: 21.
num_chunk_merges: 0.
num_chunk_splits: 8.
num_chunks_enlarged: 3.
num_purges: 0.
num_inconsistent_stats: 0.

CodeHeap 'non-profiled nmethods': size=120000Kb used=58Kb max_used=58Kb free=119941Kb
 bounds [0x0000021d2e180000, 0x0000021d2e3f0000, 0x0000021d356b0000]
CodeHeap 'profiled nmethods': size=120000Kb used=275Kb max_used=275Kb free=119724Kb
 bounds [0x0000021d26c50000, 0x0000021d26ec0000, 0x0000021d2e180000]
CodeHeap 'non-nmethods': size=5760Kb used=1110Kb max_used=1126Kb free=4649Kb
 bounds [0x0000021d266b0000, 0x0000021d26920000, 0x0000021d26c50000]
 total_blobs=588 nmethods=215 adapters=286
 compilation: enabled
              stopped_count=0, restarted_count=0
 full_count=0

Compilation events (20 events):
Event: 0.159 Thread 0x0000021d3d841510  205       3       java.util.AbstractSet::<init> (5 bytes)
Event: 0.159 Thread 0x0000021d3d841510 nmethod 205 0x0000021d26c92510 code [0x0000021d26c926c0, 0x0000021d26c92878]
Event: 0.159 Thread 0x0000021d3d841510  207       3       java.util.HashMap$HashIterator::<init> (79 bytes)
Event: 0.160 Thread 0x0000021d3d841510 nmethod 207 0x0000021d26c92990 code [0x0000021d26c92b40, 0x0000021d26c92f78]
Event: 0.160 Thread 0x0000021d3d841510  206       3       java.lang.module.ResolvedModule::hashCode (16 bytes)
Event: 0.160 Thread 0x0000021d3d841510 nmethod 206 0x0000021d26c93110 code [0x0000021d26c932c0, 0x0000021d26c934d8]
Event: 0.160 Thread 0x0000021d3d841510  208       3       java.util.HashMap::keySet (25 bytes)
Event: 0.160 Thread 0x0000021d3d841510 nmethod 208 0x0000021d26c93610 code [0x0000021d26c937c0, 0x0000021d26c93b98]
Event: 0.160 Thread 0x0000021d3d841510  209       3       java.util.HashMap$KeySet::iterator (12 bytes)
Event: 0.160 Thread 0x0000021d3d841510 nmethod 209 0x0000021d26c93d10 code [0x0000021d26c93ec0, 0x0000021d26c94128]
Event: 0.160 Thread 0x0000021d3d841510  210       3       java.util.HashMap$KeyIterator::<init> (11 bytes)
Event: 0.160 Thread 0x0000021d3d841510 nmethod 210 0x0000021d26c94210 code [0x0000021d26c943c0, 0x0000021d26c94548]
Event: 0.160 Thread 0x0000021d3d841510  212       3       java.util.HashSet::iterator (13 bytes)
Event: 0.161 Thread 0x0000021d3d841510 nmethod 212 0x0000021d26c94610 code [0x0000021d26c947c0, 0x0000021d26c94a58]
Event: 0.161 Thread 0x0000021d3d841510  211       1       java.lang.module.ModuleDescriptor::exports (5 bytes)
Event: 0.161 Thread 0x0000021d3d841510 nmethod 211 0x0000021d2e18cc10 code [0x0000021d2e18cda0, 0x0000021d2e18ce78]
Event: 0.161 Thread 0x0000021d3d841510  213       1       java.lang.module.ModuleDescriptor$Provides::service (5 bytes)
Event: 0.161 Thread 0x0000021d3d841510 nmethod 213 0x0000021d2e18cf10 code [0x0000021d2e18d0a0, 0x0000021d2e18d178]
Event: 0.165 Thread 0x0000021d3d841510  215       3       java.lang.StringUTF16::getChar (60 bytes)
Event: 0.165 Thread 0x0000021d3d841510 nmethod 215 0x0000021d26c94b90 code [0x0000021d26c94d20, 0x0000021d26c94e98]

GC Heap History (0 events):
No events

Dll operation events (3 events):
Event: 0.006 Loaded shared library C:\Program Files\sts-4.17.0.RELEASE\plugins\org.eclipse.justj.openjdk.hotspot.jre.full.win32.x86_64_17.0.5.v20221102-0933\jre\bin\java.dll
Event: 0.116 Loaded shared library C:\Program Files\sts-4.17.0.RELEASE\plugins\org.eclipse.justj.openjdk.hotspot.jre.full.win32.x86_64_17.0.5.v20221102-0933\jre\bin\net.dll
Event: 0.118 Loaded shared library C:\Program Files\sts-4.17.0.RELEASE\plugins\org.eclipse.justj.openjdk.hotspot.jre.full.win32.x86_64_17.0.5.v20221102-0933\jre\bin\nio.dll

Deoptimization events (4 events):
Event: 0.165 Thread 0x0000021d22ffa360 Uncommon trap: trap_request=0xffffff45 fr.pc=0x0000021d2e1866f4 relative=0x0000000000000074
Event: 0.165 Thread 0x0000021d22ffa360 Uncommon trap: reason=unstable_if action=reinterpret pc=0x0000021d2e1866f4 method=java.lang.String.isLatin1()Z @ 10 c2
Event: 0.165 Thread 0x0000021d22ffa360 DEOPT PACKING pc=0x0000021d2e1866f4 sp=0x000000ce0dcff1b0
Event: 0.165 Thread 0x0000021d22ffa360 DEOPT UNPACKING pc=0x0000021d26705ba3 sp=0x000000ce0dcff0f0 mode 2

Classes unloaded (0 events):
No events

Classes redefined (0 events):
No events

Internal exceptions (1 events):
Event: 0.130 Thread 0x0000021d22ffa360 Exception <a 'java/lang/NoSuchMethodError'{0x000000008ba23e50}: 'void java.lang.invoke.DirectMethodHandle$Holder.invokeVirtual(java.lang.Object, java.lang.Object)'> (0x000000008ba23e50) 
thrown [s\src\hotspot\share\interpreter\linkResolver.cpp, line 759]

VM Operations (2 events):
Event: 0.151 Executing VM operation: HandshakeAllThreads
Event: 0.151 Executing VM operation: HandshakeAllThreads done

Events (20 events):
Event: 0.168 loading class java/security/SecureClassLoader$1
Event: 0.168 loading class java/security/SecureClassLoader$1 done
Event: 0.168 loading class sun/security/util/LazyCodeSourcePermissionCollection
Event: 0.168 loading class java/security/PermissionCollection
Event: 0.169 loading class java/security/PermissionCollection done
Event: 0.169 loading class sun/security/util/LazyCodeSourcePermissionCollection done
Event: 0.169 loading class java/security/Permissions
Event: 0.169 loading class java/security/Permissions done
Event: 0.169 loading class java/lang/RuntimePermission
Event: 0.169 loading class java/lang/RuntimePermission done
Event: 0.169 loading class java/security/BasicPermissionCollection
Event: 0.169 loading class java/security/BasicPermissionCollection done
Event: 0.169 loading class java/security/AllPermission
Event: 0.169 loading class java/security/AllPermission done
Event: 0.169 loading class java/security/UnresolvedPermission
Event: 0.169 loading class java/security/UnresolvedPermission done
Event: 0.169 loading class java/security/SecureClassLoader$DebugHolder
Event: 0.169 loading class java/security/SecureClassLoader$DebugHolder done
Event: 0.169 loading class sun/security/util/Debug
Event: 0.169 loading class sun/security/util/Debug done


Dynamic libraries:
0x00007ff7afda0000 - 0x00007ff7afdae000 	C:\Program Files\sts-4.17.0.RELEASE\plugins\org.eclipse.justj.openjdk.hotspot.jre.full.win32.x86_64_17.0.5.v20221102-0933\jre\bin\javaw.exe
0x00007fff01b50000 - 0x00007fff01d64000 	C:\WINDOWS\SYSTEM32\ntdll.dll
0x00007fff00190000 - 0x00007fff00253000 	C:\WINDOWS\System32\KERNEL32.DLL
0x00007ffeff1c0000 - 0x00007ffeff55c000 	C:\WINDOWS\System32\KERNELBASE.dll
0x00007ffeff700000 - 0x00007ffeff811000 	C:\WINDOWS\System32\ucrtbase.dll
0x00007ffee2a40000 - 0x00007ffee2a59000 	C:\Program Files\sts-4.17.0.RELEASE\plugins\org.eclipse.justj.openjdk.hotspot.jre.full.win32.x86_64_17.0.5.v20221102-0933\jre\bin\VCRUNTIME140.dll
0x00007ffee6780000 - 0x00007ffee6797000 	C:\Program Files\sts-4.17.0.RELEASE\plugins\org.eclipse.justj.openjdk.hotspot.jre.full.win32.x86_64_17.0.5.v20221102-0933\jre\bin\jli.dll
0x00007fff00970000 - 0x00007fff00b1d000 	C:\WINDOWS\System32\USER32.dll
0x00007ffeff6d0000 - 0x00007ffeff6f6000 	C:\WINDOWS\System32\win32u.dll
0x00007ffee1c60000 - 0x00007ffee1eee000 	C:\WINDOWS\WinSxS\amd64_microsoft.windows.common-controls_6595b64144ccf1df_6.0.22621.608_none_a9444ca7c10bb01d\COMCTL32.dll
0x00007ffeffa30000 - 0x00007ffeffa59000 	C:\WINDOWS\System32\GDI32.dll
0x00007fff01a60000 - 0x00007fff01b07000 	C:\WINDOWS\System32\msvcrt.dll
0x00007ffefef90000 - 0x00007ffeff0a2000 	C:\WINDOWS\System32\gdi32full.dll
0x00007ffeff0b0000 - 0x00007ffeff14a000 	C:\WINDOWS\System32\msvcp_win.dll
0x00007fff01760000 - 0x00007fff01792000 	C:\WINDOWS\System32\IMM32.DLL
0x00007ffefa2f0000 - 0x00007ffefa2fc000 	C:\Program Files\sts-4.17.0.RELEASE\plugins\org.eclipse.justj.openjdk.hotspot.jre.full.win32.x86_64_17.0.5.v20221102-0933\jre\bin\vcruntime140_1.dll
0x00007ffea8950000 - 0x00007ffea89e1000 	C:\Program Files\sts-4.17.0.RELEASE\plugins\org.eclipse.justj.openjdk.hotspot.jre.full.win32.x86_64_17.0.5.v20221102-0933\jre\bin\msvcp140.dll
0x00007ffe7b540000 - 0x00007ffe7c184000 	C:\Program Files\sts-4.17.0.RELEASE\plugins\org.eclipse.justj.openjdk.hotspot.jre.full.win32.x86_64_17.0.5.v20221102-0933\jre\bin\server\jvm.dll
0x00007fff00b20000 - 0x00007fff00bce000 	C:\WINDOWS\System32\ADVAPI32.dll
0x00007fff016b0000 - 0x00007fff01754000 	C:\WINDOWS\System32\sechost.dll
0x00007fff00260000 - 0x00007fff00375000 	C:\WINDOWS\System32\RPCRT4.dll
0x00007ffef7520000 - 0x00007ffef7554000 	C:\WINDOWS\SYSTEM32\WINMM.dll
0x00007ffef6470000 - 0x00007ffef647a000 	C:\WINDOWS\SYSTEM32\VERSION.dll
0x00007ffed62a0000 - 0x00007ffed62a9000 	C:\WINDOWS\SYSTEM32\WSOCK32.dll
0x00007ffeffc90000 - 0x00007ffeffd01000 	C:\WINDOWS\System32\WS2_32.dll
0x00007ffefe0d0000 - 0x00007ffefe0e8000 	C:\WINDOWS\SYSTEM32\kernel.appcore.dll
0x00007ffefbbc0000 - 0x00007ffefbbca000 	C:\Program Files\sts-4.17.0.RELEASE\plugins\org.eclipse.justj.openjdk.hotspot.jre.full.win32.x86_64_17.0.5.v20221102-0933\jre\bin\jimage.dll
0x00007ffefca40000 - 0x00007ffefcc6e000 	C:\WINDOWS\SYSTEM32\DBGHELP.DLL
0x00007ffeffe00000 - 0x00007fff0018a000 	C:\WINDOWS\System32\combase.dll
0x00007fff015d0000 - 0x00007fff016a7000 	C:\WINDOWS\System32\OLEAUT32.dll
0x00007ffef5ab0000 - 0x00007ffef5ae2000 	C:\WINDOWS\SYSTEM32\dbgcore.DLL
0x00007ffeff820000 - 0x00007ffeff89b000 	C:\WINDOWS\System32\bcryptPrimitives.dll
0x00007ffefb8c0000 - 0x00007ffefb8e5000 	C:\Program Files\sts-4.17.0.RELEASE\plugins\org.eclipse.justj.openjdk.hotspot.jre.full.win32.x86_64_17.0.5.v20221102-0933\jre\bin\java.dll
0x00007ffefa310000 - 0x00007ffefa328000 	C:\Program Files\sts-4.17.0.RELEASE\plugins\org.eclipse.justj.openjdk.hotspot.jre.full.win32.x86_64_17.0.5.v20221102-0933\jre\bin\zip.dll
0x00007fff00bf0000 - 0x00007fff013df000 	C:\WINDOWS\System32\SHELL32.dll
0x00007ffefcfc0000 - 0x00007ffefd888000 	C:\WINDOWS\SYSTEM32\windows.storage.dll
0x00007ffefce80000 - 0x00007ffefcfbe000 	C:\WINDOWS\SYSTEM32\wintypes.dll
0x00007fff00870000 - 0x00007fff00961000 	C:\WINDOWS\System32\SHCORE.dll
0x00007ffeffda0000 - 0x00007ffeffdfe000 	C:\WINDOWS\System32\shlwapi.dll
0x00007ffefeec0000 - 0x00007ffefeee1000 	C:\WINDOWS\SYSTEM32\profapi.dll
0x00007ffef73e0000 - 0x00007ffef73f9000 	C:\Program Files\sts-4.17.0.RELEASE\plugins\org.eclipse.justj.openjdk.hotspot.jre.full.win32.x86_64_17.0.5.v20221102-0933\jre\bin\net.dll
0x00007ffef9690000 - 0x00007ffef97bf000 	C:\WINDOWS\SYSTEM32\WINHTTP.dll
0x00007ffefe540000 - 0x00007ffefe5a9000 	C:\WINDOWS\system32\mswsock.dll
0x00007ffee6830000 - 0x00007ffee6845000 	C:\Program Files\sts-4.17.0.RELEASE\plugins\org.eclipse.justj.openjdk.hotspot.jre.full.win32.x86_64_17.0.5.v20221102-0933\jre\bin\nio.dll

dbghelp: loaded successfully - version: 4.0.5 - missing functions: none
symbol engine: initialized successfully - sym options: 0x614 - pdb path: .;C:\Program Files\sts-4.17.0.RELEASE\plugins\org.eclipse.justj.openjdk.hotspot.jre.full.win32.x86_64_17.0.5.v20221102-0933\jre\bin;C:\WINDOWS\SYSTEM32;C:\WINDOWS\WinSxS\amd64_microsoft.windows.common-controls_6595b64144ccf1df_6.0.22621.608_none_a9444ca7c10bb01d;C:\Program Files\sts-4.17.0.RELEASE\plugins\org.eclipse.justj.openjdk.hotspot.jre.full.win32.x86_64_17.0.5.v20221102-0933\jre\bin\server

VM Arguments:
jvm_args: -Dfile.encoding=UTF-8 --module-path=C:\Users\hp\Desktop\honest-doctor-7537\masai_auction_system\bin -XX:+ShowCodeDetailsInExceptionMessages -Djdk.module.main=masai_auction_system 
java_command: masai_auction_system/Main.HomePage
java_class_path (initial): C:\Users\hp\Desktop\honest-doctor-7537\masai_auction_system\lib\mysql-connector-j-8.0.32.jar
Launcher Type: SUN_STANDARD

[Global flags]
     intx CICompilerCount                          = 4                                         {product} {ergonomic}
     uint ConcGCThreads                            = 2                                         {product} {ergonomic}
     uint G1ConcRefinementThreads                  = 8                                         {product} {ergonomic}
   size_t G1HeapRegionSize                         = 1048576                                   {product} {ergonomic}
    uintx GCDrainStackTargetSize                   = 64                                        {product} {ergonomic}
   size_t InitialHeapSize                          = 130023424                                 {product} {ergonomic}
   size_t MarkStackSize                            = 4194304                                   {product} {ergonomic}
   size_t MaxHeapSize                              = 2080374784                                {product} {ergonomic}
   size_t MaxNewSize                               = 1247805440                                {product} {ergonomic}
   size_t MinHeapDeltaBytes                        = 1048576                                   {product} {ergonomic}
   size_t MinHeapSize                              = 8388608                                   {product} {ergonomic}
    uintx NonNMethodCodeHeapSize                   = 5839372                                {pd product} {ergonomic}
    uintx NonProfiledCodeHeapSize                  = 122909434                              {pd product} {ergonomic}
    uintx ProfiledCodeHeapSize                     = 122909434                              {pd product} {ergonomic}
    uintx ReservedCodeCacheSize                    = 251658240                              {pd product} {ergonomic}
     bool SegmentedCodeCache                       = true                                      {product} {ergonomic}
     bool ShowCodeDetailsInExceptionMessages       = true                                   {manageable} {command line}
   size_t SoftMaxHeapSize                          = 2080374784                             {manageable} {ergonomic}
     bool UseCompressedClassPointers               = true                           {product lp64_product} {ergonomic}
     bool UseCompressedOops                        = true                           {product lp64_product} {ergonomic}
     bool UseG1GC                                  = true                                      {product} {ergonomic}
     bool UseLargePagesIndividualAllocation        = false                                  {pd product} {ergonomic}

Logging:
Log output configuration:
 #0: stdout all=warning uptime,level,tags
 #1: stderr all=off uptime,level,tags

Environment Variables:
JAVA_HOME=C:\Program Files\Java\jdk-19
PATH=C:/Program Files/sts-4.17.0.RELEASE//plugins/org.eclipse.justj.openjdk.hotspot.jre.full.win32.x86_64_17.0.5.v20221102-0933/jre/bin/server;C:/Program Files/sts-4.17.0.RELEASE//plugins/org.eclipse.justj.openjdk.hotspot.jre.full.win32.x86_64_17.0.5.v20221102-0933/jre/bin;C:\Program Files\Common Files\Oracle\Java\javapath;C:\WINDOWS\system32;C:\WINDOWS;C:\WINDOWS\System32\Wbem;C:\WINDOWS\System32\WindowsPowerShell\v1.0\;C:\WINDOWS\System32\OpenSSH\;C:\Program Files\Git\cmd;C:\Program Files\nodejs\;C:\Program Files\Java\jdk-19\bin;C:\Program Files\MySQL\MySQL Server 8.0\bin;C:\Program Files\apache-maven-3.9.0\bin;C:\Program Files\MySQL\MySQL Shell 8.0\bin\;C:\Users\hp\AppData\Local\Microsoft\WindowsApps;;C:\Users\hp\AppData\Local\Programs\Microsoft VS Code\bin;C:\Users\hp\AppData\Roaming\npm;C:\Program Files\sts-4.17.0.RELEASE;
USERNAME=hp
OS=Windows_NT
PROCESSOR_IDENTIFIER=Intel64 Family 6 Model 140 Stepping 1, GenuineIntel
TMP=C:\Users\hp\AppData\Local\Temp
TEMP=C:\Users\hp\AppData\Local\Temp



---------------  S Y S T E M  ---------------

OS:
 Windows 11 , 64 bit Build 22621 (10.0.22621.1194)
OS uptime: 16 days 21:53 hours

CPU: total 8 (initial active 8) (4 cores per cpu, 2 threads per core) family 6 model 140 stepping 1 microcode 0x86, cx8, cmov, fxsr, ht, mmx, 3dnowpref, sse, sse2, sse3, ssse3, sse4.1, sse4.2, popcnt, lzcnt, tsc, tscinvbit, avx, avx2, aes, erms, clmul, bmi1, bmi2, adx, avx512f, avx512dq, avx512cd, avx512bw, avx512vl, sha, fma, vzeroupper, avx512_vpopcntdq, avx512_vpclmulqdq, avx512_vaes, avx512_vnni, clflush, clflushopt, clwb, avx512_vbmi2, avx512_vbmi

Memory: 4k page, system-wide physical 7932M (531M free)
TotalPageFile size 32508M (AvailPageFile size 0M)
current process WorkingSet (physical memory assigned to process): 35M, peak: 35M
current process commit charge ("private bytes"): 201M, peak: 201M

vm_info: OpenJDK 64-Bit Server VM (17.0.5+8) for windows-amd64 JRE (17.0.5+8), built on Oct 19 2022 04:48:13 by "temurin" with MS VC++ 16.7 (VS2019)

END.
